2024-06-03T14:10:50  test: add edge case
2024-07-18T09:27:57  refactor: tidy internals
2024-07-22T16:44:04  fix: handle empty input gracefully
2024-08-20T11:01:11  perf: micro-optimization
2024-09-17T18:18:18  style: formatting
2024-10-16T13:35:25  chore: bump dev tooling
2024-11-13T08:52:32  docs: expand examples
2024-12-12T15:09:39  test: strengthen coverage
2024-12-16T10:26:46  chore: tune defaults
2025-01-14T17:43:53  refactor: simplify helper
2025-02-11T12:00:00  chore: routine maintenance
2025-03-12T19:17:07  docs: clarify usage notes
2025-04-09T14:34:14  test: add edge case
2025-05-08T09:51:21  refactor: tidy internals
2025-05-12T16:08:28  fix: handle empty input gracefully
2025-06-10T11:25:35  perf: micro-optimization
2025-07-08T18:42:42  style: formatting
2025-08-05T13:59:49  chore: bump dev tooling
2025-08-27T08:16:56  docs: expand examples
2025-09-24T15:33:03  test: strengthen coverage
2025-10-23T10:50:10  chore: tune defaults
2025-10-27T17:07:17  refactor: simplify helper
2025-11-25T12:24:24  chore: routine maintenance
2025-12-23T19:41:31  docs: clarify usage notes
2026-01-21T14:58:38  test: add edge case
2026-02-18T09:15:45  refactor: tidy internals
2026-03-19T16:32:52  fix: handle empty input gracefully
2026-03-23T11:49:59  perf: micro-optimization
2026-04-21T18:06:06  style: formatting
2026-05-19T13:23:13  chore: bump dev tooling
2024-08-11T14:10:50  feat: PROMETHEUS unbound
2024-12-21T09:27:57  chore: BLACKBOOK redaction pass
2025-01-19T16:44:04  refactor: I have altered the code. pray I don't alter it further
2025-05-15T11:01:11  feat: do or do not, there is no try/except
2025-09-08T18:18:18  perf: speed. I am speed.
2025-10-07T13:35:25  fix: the cake is a lie, but the bug was real
2026-01-31T08:52:32  test: trust, but verify
2026-05-27T15:09:39  fix: 60% of the time, it works every time
2024-06-11T14:50:10  docs: here be dragons
2024-06-24T09:07:17  chore(rules): trim whitespace in parsed fields
2024-07-07T16:24:24  perf(config): normalize unicode before matching
2024-08-08T11:41:31  style(scan): assert exit codes in tests
2024-08-21T18:58:38  feat(core): simplify the walker
